  正在验证源
  正在将源远程复制到“8.141.80.68”
  正在验证体系结构
  正在验证体系结构
  正在启动远程生成
  正在编译源:
  AOIWorld.cpp
  GameChannel.cpp
  GameMsg.cpp
E:\code\FrameLearning_GameServer\FrameLearning\2Phase_GameFrame_Achieve_Day2_3\GameFrame_Achieve_Day2\GameFrame\GameFrame\GameMsg.h(20,7): warning : ‘GameMsg::enMsgType’ will be initialized after [-Wreorder]
E:\code\FrameLearning_GameServer\FrameLearning\2Phase_GameFrame_Achieve_Day2_3\GameFrame_Achieve_Day2\GameFrame\GameFrame\GameMsg.h(20,7): warning :    20 |     } enMsgType;
E:\code\FrameLearning_GameServer\FrameLearning\2Phase_GameFrame_Achieve_Day2_3\GameFrame_Achieve_Day2\GameFrame\GameFrame\GameMsg.h(20,7): warning :       |       ^~~~~~~~~
E:\code\FrameLearning_GameServer\FrameLearning\2Phase_GameFrame_Achieve_Day2_3\GameFrame_Achieve_Day2\GameFrame\GameFrame\GameMsg.h(11,32): warning : ‘google::protobuf::Message* GameMsg::pMsg’ [-Wreorder]
E:\code\FrameLearning_GameServer\FrameLearning\2Phase_GameFrame_Achieve_Day2_3\GameFrame_Achieve_Day2\GameFrame\GameFrame\GameMsg.cpp(4,1): warning : when initialized here [-Wreorder]
  GameProtocol.cpp
E:\code\FrameLearning_GameServer\FrameLearning\2Phase_GameFrame_Achieve_Day2_3\GameFrame_Achieve_Day2\GameFrame\GameFrame\GameProtocol.cpp(48,39): warning : comparison of integer expressions of different signedness: ‘std::__cxx11::basic_string<char>::size_type’ {aka ‘long unsigned int’} and ‘int’ [-Wsign-compare]
E:\code\FrameLearning_GameServer\FrameLearning\2Phase_GameFrame_Achieve_Day2_3\GameFrame_Achieve_Day2\GameFrame\GameFrame\GameProtocol.cpp(48,39): warning :    48 |                 if (szLast.size() - 8 < m_length)
E:\code\FrameLearning_GameServer\FrameLearning\2Phase_GameFrame_Achieve_Day2_3\GameFrame_Achieve_Day2\GameFrame\GameFrame\GameProtocol.cpp(48,39): warning :       |                     ~~~~~~~~~~~~~~~~~~^~~~~~~~~~
E:\code\FrameLearning_GameServer\FrameLearning\2Phase_GameFrame_Achieve_Day2_3\GameFrame_Achieve_Day2\GameFrame\GameFrame\GameProtocol.cpp(96,34): warning : conversion from ‘std::__cxx11::basic_string<char>::size_type’ {aka ‘long unsigned int’} to ‘int’ may change value [-Wconversion]
E:\code\FrameLearning_GameServer\FrameLearning\2Phase_GameFrame_Achieve_Day2_3\GameFrame_Achieve_Day2\GameFrame\GameFrame\GameProtocol.cpp(96,34): warning :    96 |         iLength = MsgContent.size();
E:\code\FrameLearning_GameServer\FrameLearning\2Phase_GameFrame_Achieve_Day2_3\GameFrame_Achieve_Day2\GameFrame\GameFrame\GameProtocol.cpp(96,34): warning :       |                   ~~~~~~~~~~~~~~~^~
E:\code\FrameLearning_GameServer\FrameLearning\2Phase_GameFrame_Achieve_Day2_3\GameFrame_Achieve_Day2\GameFrame\GameFrame\GameProtocol.cpp(101,40): warning : conversion from ‘int’ to ‘char’ may change value [-Wconversion]
E:\code\FrameLearning_GameServer\FrameLearning\2Phase_GameFrame_Achieve_Day2_3\GameFrame_Achieve_Day2\GameFrame\GameFrame\GameProtocol.cpp(101,40): warning :   101 |         pret->push_back((iLength >> 0) & 0xFF);
E:\code\FrameLearning_GameServer\FrameLearning\2Phase_GameFrame_Achieve_Day2_3\GameFrame_Achieve_Day2\GameFrame\GameFrame\GameProtocol.cpp(101,40): warning :       |                         ~~~~~~~~~~~~~~~^~~~~~
E:\code\FrameLearning_GameServer\FrameLearning\2Phase_GameFrame_Achieve_Day2_3\GameFrame_Achieve_Day2\GameFrame\GameFrame\GameProtocol.cpp(102,40): warning : conversion from ‘int’ to ‘char’ may change value [-Wconversion]
E:\code\FrameLearning_GameServer\FrameLearning\2Phase_GameFrame_Achieve_Day2_3\GameFrame_Achieve_Day2\GameFrame\GameFrame\GameProtocol.cpp(102,40): warning :   102 |         pret->push_back((iLength >> 8) & 0xFF);
E:\code\FrameLearning_GameServer\FrameLearning\2Phase_GameFrame_Achieve_Day2_3\GameFrame_Achieve_Day2\GameFrame\GameFrame\GameProtocol.cpp(102,40): warning :       |                         ~~~~~~~~~~~~~~~^~~~~~
E:\code\FrameLearning_GameServer\FrameLearning\2Phase_GameFrame_Achieve_Day2_3\GameFrame_Achieve_Day2\GameFrame\GameFrame\GameProtocol.cpp(103,41): warning : conversion from ‘int’ to ‘char’ may change value [-Wconversion]
E:\code\FrameLearning_GameServer\FrameLearning\2Phase_GameFrame_Achieve_Day2_3\GameFrame_Achieve_Day2\GameFrame\GameFrame\GameProtocol.cpp(103,41): warning :   103 |         pret->push_back((iLength >> 16) & 0xFF);
E:\code\FrameLearning_GameServer\FrameLearning\2Phase_GameFrame_Achieve_Day2_3\GameFrame_Achieve_Day2\GameFrame\GameFrame\GameProtocol.cpp(103,41): warning :       |                         ~~~~~~~~~~~~~~~~^~~~~~
E:\code\FrameLearning_GameServer\FrameLearning\2Phase_GameFrame_Achieve_Day2_3\GameFrame_Achieve_Day2\GameFrame\GameFrame\GameProtocol.cpp(104,41): warning : conversion from ‘int’ to ‘char’ may change value [-Wconversion]
E:\code\FrameLearning_GameServer\FrameLearning\2Phase_GameFrame_Achieve_Day2_3\GameFrame_Achieve_Day2\GameFrame\GameFrame\GameProtocol.cpp(104,41): warning :   104 |         pret->push_back((iLength >> 24) & 0xFF);
E:\code\FrameLearning_GameServer\FrameLearning\2Phase_GameFrame_Achieve_Day2_3\GameFrame_Achieve_Day2\GameFrame\GameFrame\GameProtocol.cpp(104,41): warning :       |                         ~~~~~~~~~~~~~~~~^~~~~~
E:\code\FrameLearning_GameServer\FrameLearning\2Phase_GameFrame_Achieve_Day2_3\GameFrame_Achieve_Day2\GameFrame\GameFrame\GameProtocol.cpp(106,35): warning : conversion from ‘int’ to ‘char’ may change value [-Wconversion]
E:\code\FrameLearning_GameServer\FrameLearning\2Phase_GameFrame_Achieve_Day2_3\GameFrame_Achieve_Day2\GameFrame\GameFrame\GameProtocol.cpp(106,35): warning :   106 |         pret->push_back((id >> 0) & 0xFF);
E:\code\FrameLearning_GameServer\FrameLearning\2Phase_GameFrame_Achieve_Day2_3\GameFrame_Achieve_Day2\GameFrame\GameFrame\GameProtocol.cpp(106,35): warning :       |                         ~~~~~~~~~~^~~~~~
E:\code\FrameLearning_GameServer\FrameLearning\2Phase_GameFrame_Achieve_Day2_3\GameFrame_Achieve_Day2\GameFrame\GameFrame\GameProtocol.cpp(107,35): warning : conversion from ‘int’ to ‘char’ may change value [-Wconversion]
E:\code\FrameLearning_GameServer\FrameLearning\2Phase_GameFrame_Achieve_Day2_3\GameFrame_Achieve_Day2\GameFrame\GameFrame\GameProtocol.cpp(107,35): warning :   107 |         pret->push_back((id >> 8) & 0xFF);
E:\code\FrameLearning_GameServer\FrameLearning\2Phase_GameFrame_Achieve_Day2_3\GameFrame_Achieve_Day2\GameFrame\GameFrame\GameProtocol.cpp(107,35): warning :       |                         ~~~~~~~~~~^~~~~~
E:\code\FrameLearning_GameServer\FrameLearning\2Phase_GameFrame_Achieve_Day2_3\GameFrame_Achieve_Day2\GameFrame\GameFrame\GameProtocol.cpp(108,36): warning : conversion from ‘int’ to ‘char’ may change value [-Wconversion]
E:\code\FrameLearning_GameServer\FrameLearning\2Phase_GameFrame_Achieve_Day2_3\GameFrame_Achieve_Day2\GameFrame\GameFrame\GameProtocol.cpp(108,36): warning :   108 |         pret->push_back((id >> 16) & 0xFF);
E:\code\FrameLearning_GameServer\FrameLearning\2Phase_GameFrame_Achieve_Day2_3\GameFrame_Achieve_Day2\GameFrame\GameFrame\GameProtocol.cpp(108,36): warning :       |                         ~~~~~~~~~~~^~~~~~
E:\code\FrameLearning_GameServer\FrameLearning\2Phase_GameFrame_Achieve_Day2_3\GameFrame_Achieve_Day2\GameFrame\GameFrame\GameProtocol.cpp(109,36): warning : conversion from ‘int’ to ‘char’ may change value [-Wconversion]
E:\code\FrameLearning_GameServer\FrameLearning\2Phase_GameFrame_Achieve_Day2_3\GameFrame_Achieve_Day2\GameFrame\GameFrame\GameProtocol.cpp(109,36): warning :   109 |         pret->push_back((id >> 24) & 0xFF);
E:\code\FrameLearning_GameServer\FrameLearning\2Phase_GameFrame_Achieve_Day2_3\GameFrame_Achieve_Day2\GameFrame\GameFrame\GameProtocol.cpp(109,36): warning :       |                         ~~~~~~~~~~~^~~~~~
  GameRole.cpp
  main.cpp
  msg.pb.cpp
  正在链接对象
  GameFrame.vcxproj -> E:\code\FrameLearning_GameServer\FrameLearning\2Phase_GameFrame_Achieve_Day2_3\GameFrame_Achieve_Day2\GameFrame\GameFrame\bin\x64\Debug\GameFrame.out
