  正在验证源
  正在将源远程复制到“8.141.80.68”
  正在验证体系结构
  正在验证体系结构
  正在启动远程生成
  正在编译源:
  GameRole.cpp
E:\code\FrameLearning_GameServer\FrameLearning\2Phase_GameFrame_Achieve_Day2_4\2_3GameServer_Day3\1GameServer_revise_myself\GameServer\GameServer\GameRole.cpp(77,13): warning : conversion from ‘int’ to ‘float’ may change value [-Wconversion]
E:\code\FrameLearning_GameServer\FrameLearning\2Phase_GameFrame_Achieve_Day2_4\2_3GameServer_Day3\1GameServer_revise_myself\GameServer\GameServer\GameRole.cpp(77,13): warning :    77 |     x = 100 + 10 * m_Pid;
E:\code\FrameLearning_GameServer\FrameLearning\2Phase_GameFrame_Achieve_Day2_4\2_3GameServer_Day3\1GameServer_revise_myself\GameServer\GameServer\GameRole.cpp(77,13): warning :       |         ~~~~^~~~~~~~~~~~
E:\code\FrameLearning_GameServer\FrameLearning\2Phase_GameFrame_Achieve_Day2_4\2_3GameServer_Day3\1GameServer_revise_myself\GameServer\GameServer\GameRole.cpp(78,13): warning : conversion from ‘int’ to ‘float’ may change value [-Wconversion]
E:\code\FrameLearning_GameServer\FrameLearning\2Phase_GameFrame_Achieve_Day2_4\2_3GameServer_Day3\1GameServer_revise_myself\GameServer\GameServer\GameRole.cpp(78,13): warning :    78 |     z = 100 + 10 * m_Pid;
E:\code\FrameLearning_GameServer\FrameLearning\2Phase_GameFrame_Achieve_Day2_4\2_3GameServer_Day3\1GameServer_revise_myself\GameServer\GameServer\GameRole.cpp(78,13): warning :       |         ~~~~^~~~~~~~~~~~
E:\code\FrameLearning_GameServer\FrameLearning\2Phase_GameFrame_Achieve_Day2_4\2_3GameServer_Day3\1GameServer_revise_myself\GameServer\GameServer\GameRole.cpp(101,14): warning : unused variable ‘pRetMsg’ [-Wunused-variable]
E:\code\FrameLearning_GameServer\FrameLearning\2Phase_GameFrame_Achieve_Day2_4\2_3GameServer_Day3\1GameServer_revise_myself\GameServer\GameServer\GameRole.cpp(101,14): warning :   101 |     GameMsg* pRetMsg = nullptr;
E:\code\FrameLearning_GameServer\FrameLearning\2Phase_GameFrame_Achieve_Day2_4\2_3GameServer_Day3\1GameServer_revise_myself\GameServer\GameServer\GameRole.cpp(101,14): warning :       |              ^~~~~~~
E:\code\FrameLearning_GameServer\FrameLearning\2Phase_GameFrame_Achieve_Day2_4\2_3GameServer_Day3\1GameServer_revise_myself\GameServer\GameServer\GameRole.cpp(102,28): warning : unused variable ‘multiMsg’ [-Wunused-variable]
E:\code\FrameLearning_GameServer\FrameLearning\2Phase_GameFrame_Achieve_Day2_4\2_3GameServer_Day3\1GameServer_revise_myself\GameServer\GameServer\GameRole.cpp(102,28): warning :   102 |     GET_REF2DATA(MultiMsg, multiMsg, _poUserData);
E:\code\FrameLearning_GameServer\FrameLearning\2Phase_GameFrame_Achieve_Day2_4\2_3GameServer_Day3\1GameServer_revise_myself\GameServer\GameServer\GameRole.cpp(102,28): warning :       |                            ^~~~~~~~
  正在链接对象
  GameServer.vcxproj -> E:\code\FrameLearning_GameServer\FrameLearning\2Phase_GameFrame_Achieve_Day2_4\2_3GameServer_Day3\1GameServer_revise_myself\GameServer\GameServer\bin\x64\Debug\GameServer.out
